0 info it worked if it ends with ok
1 verbose cli [ '/usr/bin/node', '/usr/bin/npm', 'run', 'build:watch' ]
2 info using npm@3.5.2
3 info using node@v8.10.0
4 verbose run-script [ 'prebuild:watch', 'build:watch', 'postbuild:watch' ]
5 info lifecycle aframe_physics@1.0.0~prebuild:watch: aframe_physics@1.0.0
6 silly lifecycle aframe_physics@1.0.0~prebuild:watch: no script for prebuild:watch, continuing
7 info lifecycle aframe_physics@1.0.0~build:watch: aframe_physics@1.0.0
8 verbose lifecycle aframe_physics@1.0.0~build:watch: unsafe-perm in lifecycle true
9 verbose lifecycle aframe_physics@1.0.0~build:watch: PATH: /usr/share/npm/bin/node-gyp-bin:/home/peter/Documents/game_projects/aframe_physics/node_modules/.bin:/home/peter/.local/bin:/usr/local/sbin:/usr/local/bin:/usr/sbin:/usr/bin:/sbin:/bin:/usr/games:/usr/local/games:/snap/bin
10 verbose lifecycle aframe_physics@1.0.0~build:watch: CWD: /home/peter/Documents/game_projects/aframe_physics
11 silly lifecycle aframe_physics@1.0.0~build:watch: Args: [ '-c', 'webpack --watch' ]
12 silly lifecycle aframe_physics@1.0.0~build:watch: Returned: code: 1  signal: null
13 info lifecycle aframe_physics@1.0.0~build:watch: Failed to exec build:watch script
14 verbose stack Error: aframe_physics@1.0.0 build:watch: `webpack --watch`
14 verbose stack Exit status 1
14 verbose stack     at EventEmitter.<anonymous> (/usr/share/npm/lib/utils/lifecycle.js:232:16)
14 verbose stack     at emitTwo (events.js:126:13)
14 verbose stack     at EventEmitter.emit (events.js:214:7)
14 verbose stack     at ChildProcess.<anonymous> (/usr/share/npm/lib/utils/spawn.js:24:14)
14 verbose stack     at emitTwo (events.js:126:13)
14 verbose stack     at ChildProcess.emit (events.js:214:7)
14 verbose stack     at maybeClose (internal/child_process.js:925:16)
14 verbose stack     at Process.ChildProcess._handle.onexit (internal/child_process.js:209:5)
15 verbose pkgid aframe_physics@1.0.0
16 verbose cwd /home/peter/Documents/game_projects/aframe_physics
17 error Linux 5.3.0-51-generic
18 error argv "/usr/bin/node" "/usr/bin/npm" "run" "build:watch"
19 error node v8.10.0
20 error npm  v3.5.2
21 error code ELIFECYCLE
22 error aframe_physics@1.0.0 build:watch: `webpack --watch`
22 error Exit status 1
23 error Failed at the aframe_physics@1.0.0 build:watch script 'webpack --watch'.
23 error Make sure you have the latest version of node.js and npm installed.
23 error If you do, this is most likely a problem with the aframe_physics package,
23 error not with npm itself.
23 error Tell the author that this fails on your system:
23 error     webpack --watch
23 error You can get information on how to open an issue for this project with:
23 error     npm bugs aframe_physics
23 error Or if that isn't available, you can get their info via:
23 error     npm owner ls aframe_physics
23 error There is likely additional logging output above.
24 verbose exit [ 1, true ]
